Using pre-set license
Built from '2020.2/staging' branch; Version is '2020.2.0b13 (655e1a328b90) revision 6643226'; Using compiler version '192528614'; Build Type 'Release'
OS: 'Windows 10  (10.0.0) 64bit' Language: 'en' Physical Memory: 32692 MB
BatchMode: 1, IsHumanControllingUs: 0, StartBugReporterOnCrash: 0, Is64bit: 1, IsPro: 0

 COMMAND LINE ARGUMENTS:
C:\Program Files\Unity\Hub\Editor\2020.2.0b13\Editor\Unity.exe
-adb2
-batchMode
-noUpm
-name
AssetImportWorker0
-projectPath
D:/Documents/Courses/RPG/RPG Redux/RPG Project
-logFile
Logs/AssetImportWorker0.log
-srvPort
50307
Successfully changed project path to: D:/Documents/Courses/RPG/RPG Redux/RPG Project
D:/Documents/Courses/RPG/RPG Redux/RPG Project
Using Asset Import Pipeline V2.
Refreshing native plugins compatible for Editor in 42.88 ms, found 0 plugins.
Preloading 0 native plugins for Editor in 0.00 ms.
Initialize engine version: 2020.2.0b13 (655e1a328b90)
[Subsystems] Discovering subsystems at path C:/Program Files/Unity/Hub/Editor/2020.2.0b13/Editor/Data/Resources/UnitySubsystems
[Subsystems] Discovering subsystems at path D:/Documents/Courses/RPG/RPG Redux/RPG Project/Assets
GfxDevice: creating device client; threaded=0
Direct3D:
    Version:  Direct3D 11.0 [level 11.1]
    Renderer: NVIDIA GeForce GTX 980 (ID=0x13c0)
    Vendor:   
    VRAM:     4053 MB
    Driver:   27.21.14.5671
Initialize mono
Mono path[0] = 'C:/Program Files/Unity/Hub/Editor/2020.2.0b13/Editor/Data/Managed'
Mono path[1] = 'C:/Program Files/Unity/Hub/Editor/2020.2.0b13/Editor/Data/MonoBleedingEdge/lib/mono/unityjit'
Mono config path = 'C:/Program Files/Unity/Hub/Editor/2020.2.0b13/Editor/Data/MonoBleedingEdge/etc'
Using monoOptions --debugger-agent=transport=dt_socket,embedding=1,server=y,suspend=n,address=127.0.0.1:56408
Begin MonoManager ReloadAssembly
Registering precompiled unity dll's ...
Register platform support module: C:/Program Files/Unity/Hub/Editor/2020.2.0b13/Editor/Data/PlaybackEngines/WebGLSupport/UnityEditor.WebGL.Extensions.dll
Register platform support module: C:/Program Files/Unity/Hub/Editor/2020.2.0b13/Editor/Data/PlaybackEngines/WindowsStandaloneSupport/UnityEditor.WindowsStandalone.Extensions.dll
Registered in 0.002593 seconds.
Native extension for WindowsStandalone target not found
Native extension for WebGL target not found
Refreshing native plugins compatible for Editor in 42.58 ms, found 0 plugins.
Preloading 0 native plugins for Editor in 0.00 ms.
Invoked RoslynAnalysisRunner static constructor.
RoslynAnalysisRunner will not be running.
RoslynAnalysisRunner has terminated.
Mono: successfully reloaded assembly
- Completed reload, in  1.174 seconds
Platform modules already initialized, skipping
Registering precompiled user dll's ...
Registered in 0.001346 seconds.
Begin MonoManager ReloadAssembly
Symbol file LoadedFromMemory doesn't match image D:\Documents\Courses\RPG\RPG Redux\RPG Project\Library\PackageCache\com.unity.ext.nunit@1.0.0\net35\unity-custom\nunit.framework.dll
Native extension for WindowsStandalone target not found
Native extension for WebGL target not found
Refreshing native plugins compatible for Editor in 0.42 ms, found 0 plugins.
Preloading 0 native plugins for Editor in 0.00 ms.
Invoked RoslynAnalysisRunner static constructor.
RoslynAnalysisRunner will not be running.
RoslynAnalysisRunner has terminated.
Mono: successfully reloaded assembly
- Completed reload, in  0.866 seconds
Platform modules already initialized, skipping
========================================================================
Worker process is ready to serve import requests
Launched and connected shader compiler UnityShaderCompiler.exe after 0.04 seconds
Refreshing native plugins compatible for Editor in 0.42 ms, found 0 plugins.
Preloading 0 native plugins for Editor in 0.00 ms.
Unloading 1629 Unused Serialized files (Serialized files now loaded: 0)
System memory in use before: 88.8 MB.
System memory in use after: 88.8 MB.

Unloading 34 unused Assets to reduce memory usage. Loaded Objects now: 2080.
Total: 2.143300 ms (FindLiveObjects: 0.215600 ms CreateObjectMapping: 0.062700 ms MarkObjects: 1.795200 ms  DeleteObjects: 0.068800 ms)

========================================================================
Received Import Request.
  path: Assets/Game/Characters/Player/Player.prefab
  artifactKey: Guid(00254deafec00df47a5cb22b82fa7df2) Importer(815301076,1909f56bfc062723c751e8b465ee728b)
Start importing Assets/Game/Characters/Player/Player.prefab using Guid(00254deafec00df47a5cb22b82fa7df2) Importer(815301076,1909f56bfc062723c751e8b465ee728b)  -> (artifact id: '0f9d7f50f3c81de5ed2a043a65c9f97d') in 0.147762 seconds
  Import took 0.151929 seconds .

========================================================================
Received Prepare
Registering precompiled user dll's ...
Registered in 0.001329 seconds.
Begin MonoManager ReloadAssembly
Symbol file LoadedFromMemory doesn't match image D:\Documents\Courses\RPG\RPG Redux\RPG Project\Library\PackageCache\com.unity.ext.nunit@1.0.0\net35\unity-custom\nunit.framework.dll
Native extension for WindowsStandalone target not found
Native extension for WebGL target not found
Refreshing native plugins compatible for Editor in 0.41 ms, found 0 plugins.
Preloading 0 native plugins for Editor in 0.00 ms.
Invoked RoslynAnalysisRunner static constructor.
RoslynAnalysisRunner will not be running.
RoslynAnalysisRunner has terminated.
Mono: successfully reloaded assembly
- Completed reload, in  0.781 seconds
Platform modules already initialized, skipping
Refreshing native plugins compatible for Editor in 0.48 ms, found 0 plugins.
Preloading 0 native plugins for Editor in 0.00 ms.
Unloading 1610 Unused Serialized files (Serialized files now loaded: 0)
System memory in use before: 102.9 MB.
System memory in use after: 103.0 MB.

Unloading 25 unused Assets to reduce memory usage. Loaded Objects now: 2093.
Total: 2.108700 ms (FindLiveObjects: 0.256300 ms CreateObjectMapping: 0.089000 ms MarkObjects: 1.737800 ms  DeleteObjects: 0.024300 ms)

========================================================================
Received Prepare
Registering precompiled user dll's ...
Registered in 0.001202 seconds.
Begin MonoManager ReloadAssembly
Symbol file LoadedFromMemory doesn't match image D:\Documents\Courses\RPG\RPG Redux\RPG Project\Library\PackageCache\com.unity.ext.nunit@1.0.0\net35\unity-custom\nunit.framework.dll
Native extension for WindowsStandalone target not found
Native extension for WebGL target not found
Refreshing native plugins compatible for Editor in 0.46 ms, found 0 plugins.
Preloading 0 native plugins for Editor in 0.00 ms.
Invoked RoslynAnalysisRunner static constructor.
RoslynAnalysisRunner will not be running.
RoslynAnalysisRunner has terminated.
Mono: successfully reloaded assembly
- Completed reload, in  0.785 seconds
Platform modules already initialized, skipping
Refreshing native plugins compatible for Editor in 0.47 ms, found 0 plugins.
Preloading 0 native plugins for Editor in 0.00 ms.
Unloading 1609 Unused Serialized files (Serialized files now loaded: 0)
System memory in use before: 102.9 MB.
System memory in use after: 103.0 MB.

Unloading 25 unused Assets to reduce memory usage. Loaded Objects now: 2095.
Total: 1.909600 ms (FindLiveObjects: 0.215400 ms CreateObjectMapping: 0.053700 ms MarkObjects: 1.608500 ms  DeleteObjects: 0.031100 ms)

========================================================================
Received Prepare
Registering precompiled user dll's ...
Registered in 0.001545 seconds.
Begin MonoManager ReloadAssembly
Symbol file LoadedFromMemory doesn't match image D:\Documents\Courses\RPG\RPG Redux\RPG Project\Library\PackageCache\com.unity.ext.nunit@1.0.0\net35\unity-custom\nunit.framework.dll
Native extension for WindowsStandalone target not found
Native extension for WebGL target not found
Refreshing native plugins compatible for Editor in 0.43 ms, found 0 plugins.
Preloading 0 native plugins for Editor in 0.00 ms.
Invoked RoslynAnalysisRunner static constructor.
RoslynAnalysisRunner will not be running.
RoslynAnalysisRunner has terminated.
Mono: successfully reloaded assembly
- Completed reload, in  0.708 seconds
Platform modules already initialized, skipping
Refreshing native plugins compatible for Editor in 0.49 ms, found 0 plugins.
Preloading 0 native plugins for Editor in 0.00 ms.
Unloading 1609 Unused Serialized files (Serialized files now loaded: 0)
System memory in use before: 102.9 MB.
System memory in use after: 103.0 MB.

Unloading 25 unused Assets to reduce memory usage. Loaded Objects now: 2097.
Total: 2.272600 ms (FindLiveObjects: 0.234600 ms CreateObjectMapping: 0.066400 ms MarkObjects: 1.954000 ms  DeleteObjects: 0.016600 ms)

========================================================================
Received Import Request.
  Time since last request: 467.810053 seconds.
  path: Assets/Game/Characters
  artifactKey: Guid(4a918c6689384e342b57f266c65fc6dc) Importer(815301076,1909f56bfc062723c751e8b465ee728b)
Start importing Assets/Game/Characters using Guid(4a918c6689384e342b57f266c65fc6dc) Importer(815301076,1909f56bfc062723c751e8b465ee728b)  -> (artifact id: '64223c45c458913c2d9c7604fe0fa565') in 0.008806 seconds
  Import took 0.011759 seconds .

========================================================================
Received Import Request.
  Time since last request: 1.387685 seconds.
  path: Assets/Game/Characters/Character.prefab
  artifactKey: Guid(750e3c6876a501e42b5827ec7a3d24d1) Importer(815301076,1909f56bfc062723c751e8b465ee728b)
Start importing Assets/Game/Characters/Character.prefab using Guid(750e3c6876a501e42b5827ec7a3d24d1) Importer(815301076,1909f56bfc062723c751e8b465ee728b)  -> (artifact id: 'f72e33fd748169676b18d953e193592c') in 0.040158 seconds
  Import took 0.042794 seconds .

========================================================================
Received Import Request.
  Time since last request: 0.008029 seconds.
  path: Assets/Game/Characters/Character.prefab
  artifactKey: Guid(750e3c6876a501e42b5827ec7a3d24d1) Importer(815301076,1909f56bfc062723c751e8b465ee728b)
Start importing Assets/Game/Characters/Character.prefab using Guid(750e3c6876a501e42b5827ec7a3d24d1) Importer(815301076,1909f56bfc062723c751e8b465ee728b)  -> (artifact id: 'f72e33fd748169676b18d953e193592c') in 0.006256 seconds
  Import took 0.009042 seconds .

========================================================================
Received Import Request.
  Time since last request: 16.250782 seconds.
  path: Assets/Game/Characters/NPC.prefab
  artifactKey: Guid(c3d7c41bcf0fbb24eb76cb87cd052d68) Importer(815301076,1909f56bfc062723c751e8b465ee728b)
Start importing Assets/Game/Characters/NPC.prefab using Guid(c3d7c41bcf0fbb24eb76cb87cd052d68) Importer(815301076,1909f56bfc062723c751e8b465ee728b)  -> (artifact id: 'd9424dacd1eb4a1bb23b6b084a70814c') in 0.007920 seconds
  Import took 0.010845 seconds .

========================================================================
Received Import Request.
  Time since last request: 0.002701 seconds.
  path: Assets/Game/Characters/NPC.prefab
  artifactKey: Guid(c3d7c41bcf0fbb24eb76cb87cd052d68) Importer(815301076,1909f56bfc062723c751e8b465ee728b)
Start importing Assets/Game/Characters/NPC.prefab using Guid(c3d7c41bcf0fbb24eb76cb87cd052d68) Importer(815301076,1909f56bfc062723c751e8b465ee728b)  -> (artifact id: 'd9424dacd1eb4a1bb23b6b084a70814c') in 0.005242 seconds
  Import took 0.007922 seconds .

========================================================================
Received Import Request.
  Time since last request: 13.684873 seconds.
  path: Assets/Game/Characters/Shop Keeper.prefab
  artifactKey: Guid(c3d7c41bcf0fbb24eb76cb87cd052d68) Importer(815301076,1909f56bfc062723c751e8b465ee728b)
Start importing Assets/Game/Characters/Shop Keeper.prefab using Guid(c3d7c41bcf0fbb24eb76cb87cd052d68) Importer(815301076,1909f56bfc062723c751e8b465ee728b)  -> (artifact id: '4d4c0497d6c842f6a4ed78f3538ddbdd') in 0.008248 seconds
  Import took 0.011238 seconds .

========================================================================
Received Import Request.
  Time since last request: 37.740873 seconds.
  path: Assets/Game/Characters/Enemies/Enemy.prefab
  artifactKey: Guid(97794e8f32d9d574c8ed85db378e8c47) Importer(815301076,1909f56bfc062723c751e8b465ee728b)
Start importing Assets/Game/Characters/Enemies/Enemy.prefab using Guid(97794e8f32d9d574c8ed85db378e8c47) Importer(815301076,1909f56bfc062723c751e8b465ee728b)  -> (artifact id: '6bb22f0edaed63c131672f23077a8fdc') in 0.078019 seconds
  Import took 0.083394 seconds .

========================================================================
Received Import Request.
  Time since last request: 9.748218 seconds.
  path: Assets/Game/Characters/Player/Player.prefab
  artifactKey: Guid(00254deafec00df47a5cb22b82fa7df2) Importer(815301076,1909f56bfc062723c751e8b465ee728b)
Start importing Assets/Game/Characters/Player/Player.prefab using Guid(00254deafec00df47a5cb22b82fa7df2) Importer(815301076,1909f56bfc062723c751e8b465ee728b)  -> (artifact id: '4386e74abb85db9686590511820553bb') in 0.027664 seconds
  Import took 0.031104 seconds .

========================================================================
Received Import Request.
  Time since last request: 0.010591 seconds.
  path: Assets/Game/Characters/Player/Player.prefab
  artifactKey: Guid(00254deafec00df47a5cb22b82fa7df2) Importer(815301076,1909f56bfc062723c751e8b465ee728b)
Start importing Assets/Game/Characters/Player/Player.prefab using Guid(00254deafec00df47a5cb22b82fa7df2) Importer(815301076,1909f56bfc062723c751e8b465ee728b)  -> (artifact id: '4386e74abb85db9686590511820553bb') in 0.027669 seconds
  Import took 0.031650 seconds .

========================================================================
Received Import Request.
  Time since last request: 28.106920 seconds.
  path: Assets/Game/Characters/Character.prefab
  artifactKey: Guid(750e3c6876a501e42b5827ec7a3d24d1) Importer(815301076,1909f56bfc062723c751e8b465ee728b)
Start importing Assets/Game/Characters/Character.prefab using Guid(750e3c6876a501e42b5827ec7a3d24d1) Importer(815301076,1909f56bfc062723c751e8b465ee728b)  -> (artifact id: '58892a58723c65ab41db20be1fe486cc') in 0.004543 seconds
  Import took 0.007116 seconds .

========================================================================
Received Import Request.
  Time since last request: 0.002015 seconds.
  path: Assets/Game/Characters/Character.prefab
  artifactKey: Guid(750e3c6876a501e42b5827ec7a3d24d1) Importer(815301076,1909f56bfc062723c751e8b465ee728b)
Start importing Assets/Game/Characters/Character.prefab using Guid(750e3c6876a501e42b5827ec7a3d24d1) Importer(815301076,1909f56bfc062723c751e8b465ee728b)  -> (artifact id: '58892a58723c65ab41db20be1fe486cc') in 0.004468 seconds
  Import took 0.006960 seconds .

========================================================================
Received Import Request.
  Time since last request: 2.960975 seconds.
  path: Assets/Game/Characters/Shop Keeper.prefab
  artifactKey: Guid(c3d7c41bcf0fbb24eb76cb87cd052d68) Importer(815301076,1909f56bfc062723c751e8b465ee728b)
Start importing Assets/Game/Characters/Shop Keeper.prefab using Guid(c3d7c41bcf0fbb24eb76cb87cd052d68) Importer(815301076,1909f56bfc062723c751e8b465ee728b)  -> (artifact id: '177ebfcee6aadec96e2885e78fba8f27') in 0.004411 seconds
  Import took 0.006988 seconds .

========================================================================
Received Import Request.
  Time since last request: 0.001316 seconds.
  path: Assets/Game/Characters/Shop Keeper.prefab
  artifactKey: Guid(c3d7c41bcf0fbb24eb76cb87cd052d68) Importer(815301076,1909f56bfc062723c751e8b465ee728b)
Start importing Assets/Game/Characters/Shop Keeper.prefab using Guid(c3d7c41bcf0fbb24eb76cb87cd052d68) Importer(815301076,1909f56bfc062723c751e8b465ee728b)  -> (artifact id: '177ebfcee6aadec96e2885e78fba8f27') in 0.005312 seconds
  Import took 0.008770 seconds .

========================================================================
Received Import Request.
  Time since last request: 62.881272 seconds.
  path: Assets/Game/Characters/NPC
  artifactKey: Guid(643937cacebf64444b2bea6174ad7c01) Importer(815301076,1909f56bfc062723c751e8b465ee728b)
Start importing Assets/Game/Characters/NPC using Guid(643937cacebf64444b2bea6174ad7c01) Importer(815301076,1909f56bfc062723c751e8b465ee728b)  -> (artifact id: '0aab16fb304aa6536576c2692372f77e') in 0.002754 seconds
  Import took 0.005594 seconds .

========================================================================
Received Import Request.
  Time since last request: 22.154754 seconds.
  path: Assets/Game/Characters/NPC/Shop Keeper.prefab
  artifactKey: Guid(c3d7c41bcf0fbb24eb76cb87cd052d68) Importer(815301076,1909f56bfc062723c751e8b465ee728b)
Start importing Assets/Game/Characters/NPC/Shop Keeper.prefab using Guid(c3d7c41bcf0fbb24eb76cb87cd052d68) Importer(815301076,1909f56bfc062723c751e8b465ee728b)  -> (artifact id: 'db8e350702486323f73c1d1856d962f1') in 0.024801 seconds
  Import took 0.028128 seconds .

========================================================================
Received Prepare
Registering precompiled user dll's ...
Registered in 0.001822 seconds.
Begin MonoManager ReloadAssembly
Symbol file LoadedFromMemory doesn't match image D:\Documents\Courses\RPG\RPG Redux\RPG Project\Library\PackageCache\com.unity.ext.nunit@1.0.0\net35\unity-custom\nunit.framework.dll
Native extension for WindowsStandalone target not found
Native extension for WebGL target not found
Refreshing native plugins compatible for Editor in 0.43 ms, found 0 plugins.
Preloading 0 native plugins for Editor in 0.00 ms.
Invoked RoslynAnalysisRunner static constructor.
RoslynAnalysisRunner will not be running.
RoslynAnalysisRunner has terminated.
Mono: successfully reloaded assembly
- Completed reload, in  0.774 seconds
Platform modules already initialized, skipping
Refreshing native plugins compatible for Editor in 0.50 ms, found 0 plugins.
Preloading 0 native plugins for Editor in 0.00 ms.
Unloading 1609 Unused Serialized files (Serialized files now loaded: 0)
System memory in use before: 103.0 MB.
System memory in use after: 103.2 MB.

Unloading 25 unused Assets to reduce memory usage. Loaded Objects now: 2101.
Total: 2.203000 ms (FindLiveObjects: 0.146900 ms CreateObjectMapping: 0.075600 ms MarkObjects: 1.964200 ms  DeleteObjects: 0.015600 ms)

========================================================================
Received Prepare
Registering precompiled user dll's ...
Registered in 0.002063 seconds.
Begin MonoManager ReloadAssembly
Symbol file LoadedFromMemory doesn't match image D:\Documents\Courses\RPG\RPG Redux\RPG Project\Library\PackageCache\com.unity.ext.nunit@1.0.0\net35\unity-custom\nunit.framework.dll
Native extension for WindowsStandalone target not found
Native extension for WebGL target not found
Refreshing native plugins compatible for Editor in 0.83 ms, found 0 plugins.
Preloading 0 native plugins for Editor in 0.00 ms.
Invoked RoslynAnalysisRunner static constructor.
RoslynAnalysisRunner will not be running.
RoslynAnalysisRunner has terminated.
Mono: successfully reloaded assembly
- Completed reload, in  0.917 seconds
Platform modules already initialized, skipping
Refreshing native plugins compatible for Editor in 0.71 ms, found 0 plugins.
Preloading 0 native plugins for Editor in 0.00 ms.
Unloading 1609 Unused Serialized files (Serialized files now loaded: 0)
System memory in use before: 103.1 MB.
System memory in use after: 103.2 MB.

Unloading 25 unused Assets to reduce memory usage. Loaded Objects now: 2103.
Total: 1.740600 ms (FindLiveObjects: 0.182000 ms CreateObjectMapping: 0.062900 ms MarkObjects: 1.475300 ms  DeleteObjects: 0.019000 ms)

========================================================================
Received Prepare
Registering precompiled user dll's ...
Registered in 0.001901 seconds.
Begin MonoManager ReloadAssembly
Symbol file LoadedFromMemory doesn't match image D:\Documents\Courses\RPG\RPG Redux\RPG Project\Library\PackageCache\com.unity.ext.nunit@1.0.0\net35\unity-custom\nunit.framework.dll
Native extension for WindowsStandalone target not found
Native extension for WebGL target not found
Refreshing native plugins compatible for Editor in 0.49 ms, found 0 plugins.
Preloading 0 native plugins for Editor in 0.00 ms.
Invoked RoslynAnalysisRunner static constructor.
RoslynAnalysisRunner will not be running.
RoslynAnalysisRunner has terminated.
Mono: successfully reloaded assembly
- Completed reload, in  0.773 seconds
Platform modules already initialized, skipping
Refreshing native plugins compatible for Editor in 0.50 ms, found 0 plugins.
Preloading 0 native plugins for Editor in 0.00 ms.
Unloading 1609 Unused Serialized files (Serialized files now loaded: 0)
System memory in use before: 103.1 MB.
System memory in use after: 103.2 MB.

Unloading 25 unused Assets to reduce memory usage. Loaded Objects now: 2105.
Total: 2.990300 ms (FindLiveObjects: 0.453000 ms CreateObjectMapping: 0.149200 ms MarkObjects: 2.359100 ms  DeleteObjects: 0.027400 ms)

========================================================================
Received Prepare
Registering precompiled user dll's ...
Registered in 0.001343 seconds.
Begin MonoManager ReloadAssembly
Symbol file LoadedFromMemory doesn't match image D:\Documents\Courses\RPG\RPG Redux\RPG Project\Library\PackageCache\com.unity.ext.nunit@1.0.0\net35\unity-custom\nunit.framework.dll
Native extension for WindowsStandalone target not found
Native extension for WebGL target not found
Refreshing native plugins compatible for Editor in 0.44 ms, found 0 plugins.
Preloading 0 native plugins for Editor in 0.00 ms.
Invoked RoslynAnalysisRunner static constructor.
RoslynAnalysisRunner will not be running.
RoslynAnalysisRunner has terminated.
Mono: successfully reloaded assembly
- Completed reload, in  0.810 seconds
Platform modules already initialized, skipping
Refreshing native plugins compatible for Editor in 0.42 ms, found 0 plugins.
Preloading 0 native plugins for Editor in 0.00 ms.
Unloading 1609 Unused Serialized files (Serialized files now loaded: 0)
System memory in use before: 103.1 MB.
System memory in use after: 103.2 MB.

Unloading 25 unused Assets to reduce memory usage. Loaded Objects now: 2107.
Total: 1.810100 ms (FindLiveObjects: 0.158800 ms CreateObjectMapping: 0.121800 ms MarkObjects: 1.493700 ms  DeleteObjects: 0.034500 ms)

========================================================================
Received Import Request.
  Time since last request: 165.413609 seconds.
  path: Assets/Asset Packs/Pixel Cursors/Cursors/Bonus_31.png
  artifactKey: Guid(7f6c6fdab50f1054c9820b737360db07) Importer(815301076,1909f56bfc062723c751e8b465ee728b)
Start importing Assets/Asset Packs/Pixel Cursors/Cursors/Bonus_31.png using Guid(7f6c6fdab50f1054c9820b737360db07) Importer(815301076,1909f56bfc062723c751e8b465ee728b)  -> (artifact id: '434b1feb3abc73aa118baee01d24c3d9') in 0.090008 seconds
  Import took 0.094164 seconds .

========================================================================
Received Prepare
Registering precompiled user dll's ...
Registered in 0.001401 seconds.
Begin MonoManager ReloadAssembly
Symbol file LoadedFromMemory doesn't match image D:\Documents\Courses\RPG\RPG Redux\RPG Project\Library\PackageCache\com.unity.ext.nunit@1.0.0\net35\unity-custom\nunit.framework.dll
Native extension for WindowsStandalone target not found
Native extension for WebGL target not found
Refreshing native plugins compatible for Editor in 0.43 ms, found 0 plugins.
Preloading 0 native plugins for Editor in 0.00 ms.
Invoked RoslynAnalysisRunner static constructor.
RoslynAnalysisRunner will not be running.
RoslynAnalysisRunner has terminated.
Mono: successfully reloaded assembly
- Completed reload, in  0.784 seconds
Platform modules already initialized, skipping
Refreshing native plugins compatible for Editor in 0.45 ms, found 0 plugins.
Preloading 0 native plugins for Editor in 0.00 ms.
Unloading 1609 Unused Serialized files (Serialized files now loaded: 0)
System memory in use before: 103.1 MB.
System memory in use after: 103.2 MB.

Unloading 25 unused Assets to reduce memory usage. Loaded Objects now: 2111.
Total: 2.107000 ms (FindLiveObjects: 0.169700 ms CreateObjectMapping: 0.091900 ms MarkObjects: 1.800700 ms  DeleteObjects: 0.043400 ms)

========================================================================
Received Import Request.
  Time since last request: 5.705932 seconds.
  path: Assets/Asset Packs/Pixel Cursors/Cursors/basic_01 BLUE.png
  artifactKey: Guid(44a99ee545fd8ba46a452b12c1f9378b) Importer(815301076,1909f56bfc062723c751e8b465ee728b)
Start importing Assets/Asset Packs/Pixel Cursors/Cursors/basic_01 BLUE.png using Guid(44a99ee545fd8ba46a452b12c1f9378b) Importer(815301076,1909f56bfc062723c751e8b465ee728b)  -> (artifact id: 'b52c27d9340b87d969535f07e170dd0d') in 0.049018 seconds
  Import took 0.052194 seconds .

========================================================================
Received Import Request.
  Time since last request: 0.000220 seconds.
  path: Assets/Asset Packs/Pixel Cursors/Cursors/Bonus_50.png
  artifactKey: Guid(fe2443101ded6f544b32f8dc8690c367) Importer(815301076,1909f56bfc062723c751e8b465ee728b)
Start importing Assets/Asset Packs/Pixel Cursors/Cursors/Bonus_50.png using Guid(fe2443101ded6f544b32f8dc8690c367) Importer(815301076,1909f56bfc062723c751e8b465ee728b)  -> (artifact id: 'cf45d108a0cc4c6c160e06f0fdee3ebe') in 0.019984 seconds
  Import took 0.023001 seconds .

========================================================================
Received Import Request.
  Time since last request: 0.000199 seconds.
  path: Assets/Asset Packs/Pixel Cursors/Cursors/Bonus_42.png
  artifactKey: Guid(8ef7b760a0ec74c40a35969369427cd3) Importer(815301076,1909f56bfc062723c751e8b465ee728b)
Start importing Assets/Asset Packs/Pixel Cursors/Cursors/Bonus_42.png using Guid(8ef7b760a0ec74c40a35969369427cd3) Importer(815301076,1909f56bfc062723c751e8b465ee728b)  -> (artifact id: '3f9c14b25bd3e34f73c9d56ecc3ff54b') in 0.013852 seconds
  Import took 0.016024 seconds .

========================================================================
Received Import Request.
  Time since last request: 0.000236 seconds.
  path: Assets/Asset Packs/Pixel Cursors/Cursors/Bonus_12.png
  artifactKey: Guid(86d67df840a2fea4885e6d8c9b7b6e33) Importer(815301076,1909f56bfc062723c751e8b465ee728b)
Start importing Assets/Asset Packs/Pixel Cursors/Cursors/Bonus_12.png using Guid(86d67df840a2fea4885e6d8c9b7b6e33) Importer(815301076,1909f56bfc062723c751e8b465ee728b)  -> (artifact id: '2e095c6a33508dc73e12dedcadaa2f35') in 0.018188 seconds
  Import took 0.020917 seconds .

========================================================================
Received Import Request.
  Time since last request: 0.000255 seconds.
  path: Assets/Asset Packs/Pixel Cursors/Cursors/Bonus_06.png
  artifactKey: Guid(a4d35a1210326f64fa2339d2ae104afe) Importer(815301076,1909f56bfc062723c751e8b465ee728b)
Start importing Assets/Asset Packs/Pixel Cursors/Cursors/Bonus_06.png using Guid(a4d35a1210326f64fa2339d2ae104afe) Importer(815301076,1909f56bfc062723c751e8b465ee728b)  -> (artifact id: '72bb6c0d97085bd4da0872a96be335bb') in 0.019093 seconds
  Import took 0.021314 seconds .

========================================================================
Received Import Request.
  Time since last request: 0.000328 seconds.
  path: Assets/Asset Packs/Pixel Cursors/Cursors/Bonus_26.png
  artifactKey: Guid(99b4ff6ea44bbe24691a30e9fcef0693) Importer(815301076,1909f56bfc062723c751e8b465ee728b)
Start importing Assets/Asset Packs/Pixel Cursors/Cursors/Bonus_26.png using Guid(99b4ff6ea44bbe24691a30e9fcef0693) Importer(815301076,1909f56bfc062723c751e8b465ee728b)  -> (artifact id: '6fdfebc8780ea896e4acdeca5533b4b0') in 0.019159 seconds
  Import took 0.021919 seconds .

========================================================================
Received Import Request.
  Time since last request: 0.000186 seconds.
  path: Assets/Asset Packs/Pixel Cursors/Cursors/Bonus_46.png
  artifactKey: Guid(e4fac5245b727db42ba0ca0258851b83) Importer(815301076,1909f56bfc062723c751e8b465ee728b)
Start importing Assets/Asset Packs/Pixel Cursors/Cursors/Bonus_46.png using Guid(e4fac5245b727db42ba0ca0258851b83) Importer(815301076,1909f56bfc062723c751e8b465ee728b)  -> (artifact id: 'ab1ecf5ecbcae6c2ca94ab79d12c993b') in 0.018610 seconds
  Import took 0.020995 seconds .

========================================================================
Received Import Request.
  Time since last request: 0.000226 seconds.
  path: Assets/Asset Packs/Pixel Cursors/Cursors/Bonus_13.png
  artifactKey: Guid(a368e02a212c61c4b8b3db8078d7bb35) Importer(815301076,1909f56bfc062723c751e8b465ee728b)
Start importing Assets/Asset Packs/Pixel Cursors/Cursors/Bonus_13.png using Guid(a368e02a212c61c4b8b3db8078d7bb35) Importer(815301076,1909f56bfc062723c751e8b465ee728b)  -> (artifact id: '4a9144249abc831fdfa4e38af0c388ea') in 0.019146 seconds
  Import took 0.021449 seconds .

========================================================================
Received Import Request.
  Time since last request: 0.000230 seconds.
  path: Assets/Asset Packs/Pixel Cursors/Cursors/Bonus_23.png
  artifactKey: Guid(682ecf9336b03ba4bb7f247b4d891511) Importer(815301076,1909f56bfc062723c751e8b465ee728b)
Start importing Assets/Asset Packs/Pixel Cursors/Cursors/Bonus_23.png using Guid(682ecf9336b03ba4bb7f247b4d891511) Importer(815301076,1909f56bfc062723c751e8b465ee728b)  -> (artifact id: 'cc161c2e2c6b716c6de780b2a3569364') in 0.018504 seconds
  Import took 0.020856 seconds .

========================================================================
Received Import Request.
  Time since last request: 0.000194 seconds.
  path: Assets/Asset Packs/Pixel Cursors/Cursors/Bonus_34.png
  artifactKey: Guid(39c4abc600fd1604981e476942426394) Importer(815301076,1909f56bfc062723c751e8b465ee728b)
Start importing Assets/Asset Packs/Pixel Cursors/Cursors/Bonus_34.png using Guid(39c4abc600fd1604981e476942426394) Importer(815301076,1909f56bfc062723c751e8b465ee728b)  -> (artifact id: 'c6b781fe5f1edd6096bf4620a1d9befd') in 0.019597 seconds
  Import took 0.022468 seconds .

========================================================================
Received Import Request.
  Time since last request: 0.000360 seconds.
  path: Assets/Asset Packs/Pixel Cursors/Cursors/basic_01 RED.png
  artifactKey: Guid(2a2b4775272c890448e1bd6239fdfc84) Importer(815301076,1909f56bfc062723c751e8b465ee728b)
Start importing Assets/Asset Packs/Pixel Cursors/Cursors/basic_01 RED.png using Guid(2a2b4775272c890448e1bd6239fdfc84) Importer(815301076,1909f56bfc062723c751e8b465ee728b)  -> (artifact id: 'cabd503f2d73e8477b73632e48122610') in 0.018780 seconds
  Import took 0.021323 seconds .

========================================================================
Received Import Request.
  Time since last request: 0.000172 seconds.
  path: Assets/Asset Packs/Pixel Cursors/Cursors/Bonus_21.png
  artifactKey: Guid(b7bcd258bb3a6ce43bc22b6c569d2015) Importer(815301076,1909f56bfc062723c751e8b465ee728b)
Start importing Assets/Asset Packs/Pixel Cursors/Cursors/Bonus_21.png using Guid(b7bcd258bb3a6ce43bc22b6c569d2015) Importer(815301076,1909f56bfc062723c751e8b465ee728b)  -> (artifact id: 'adf15a60c6d1bf5c838d4466c8c7d11f') in 0.018583 seconds
  Import took 0.021073 seconds .

========================================================================
Received Import Request.
  Time since last request: 0.000221 seconds.
  path: Assets/Asset Packs/Pixel Cursors/Cursors/Bonus_39.png
  artifactKey: Guid(d1e966bd99fcdf34abe61948d3290e28) Importer(815301076,1909f56bfc062723c751e8b465ee728b)
Start importing Assets/Asset Packs/Pixel Cursors/Cursors/Bonus_39.png using Guid(d1e966bd99fcdf34abe61948d3290e28) Importer(815301076,1909f56bfc062723c751e8b465ee728b)  -> (artifact id: 'eb311d4e370cb9c67fb853279c4a36c9') in 0.019949 seconds
  Import took 0.022851 seconds .

========================================================================
Received Import Request.
  Time since last request: 0.000191 seconds.
  path: Assets/Asset Packs/Pixel Cursors/Cursors/Bonus_04.png
  artifactKey: Guid(5235a45d7adbb4346a2152298d55bff9) Importer(815301076,1909f56bfc062723c751e8b465ee728b)
Start importing Assets/Asset Packs/Pixel Cursors/Cursors/Bonus_04.png using Guid(5235a45d7adbb4346a2152298d55bff9) Importer(815301076,1909f56bfc062723c751e8b465ee728b)  -> (artifact id: '48f50520e9f86b54220c48fe42878ed6') in 0.020263 seconds
  Import took 0.023501 seconds .

========================================================================
Received Import Request.
  Time since last request: 0.000158 seconds.
  path: Assets/Asset Packs/Pixel Cursors/Cursors/Bonus_15.png
  artifactKey: Guid(2d18e23e3ce249b4489b8bcdd02d3f48) Importer(815301076,1909f56bfc062723c751e8b465ee728b)
Start importing Assets/Asset Packs/Pixel Cursors/Cursors/Bonus_15.png using Guid(2d18e23e3ce249b4489b8bcdd02d3f48) Importer(815301076,1909f56bfc062723c751e8b465ee728b)  -> (artifact id: 'f992d51bab67031803976f9f8ba751a7') in 0.016354 seconds
  Import took 0.019255 seconds .

========================================================================
Received Import Request.
  Time since last request: 0.000278 seconds.
  path: Assets/Asset Packs/Pixel Cursors/Cursors/Bonus_22.png
  artifactKey: Guid(da684d26f38d13c4e96887188e7be456) Importer(815301076,1909f56bfc062723c751e8b465ee728b)
Start importing Assets/Asset Packs/Pixel Cursors/Cursors/Bonus_22.png using Guid(da684d26f38d13c4e96887188e7be456) Importer(815301076,1909f56bfc062723c751e8b465ee728b)  -> (artifact id: 'aa0750b2bb8944c664f790fef59bcffb') in 0.020691 seconds
  Import took 0.023551 seconds .

========================================================================
Received Import Request.
  Time since last request: 0.000339 seconds.
  path: Assets/Asset Packs/Pixel Cursors/Cursors/Bonus_29.png
  artifactKey: Guid(7c487959e49b9e447a29431caf3fdc77) Importer(815301076,1909f56bfc062723c751e8b465ee728b)
Start importing Assets/Asset Packs/Pixel Cursors/Cursors/Bonus_29.png using Guid(7c487959e49b9e447a29431caf3fdc77) Importer(815301076,1909f56bfc062723c751e8b465ee728b)  -> (artifact id: '43016346a4823487fd28945c905d736a') in 0.021630 seconds
  Import took 0.024441 seconds .

========================================================================
Received Import Request.
  Time since last request: 0.000242 seconds.
  path: Assets/Asset Packs/Pixel Cursors/Cursors/Bonus_38.png
  artifactKey: Guid(7d4a349e204be984cbd483b7ba288543) Importer(815301076,1909f56bfc062723c751e8b465ee728b)
Start importing Assets/Asset Packs/Pixel Cursors/Cursors/Bonus_38.png using Guid(7d4a349e204be984cbd483b7ba288543) Importer(815301076,1909f56bfc062723c751e8b465ee728b)  -> (artifact id: 'f7c609d4888ae57678374c896413f1ed') in 0.018575 seconds
  Import took 0.020891 seconds .

========================================================================
Received Import Request.
  Time since last request: 0.000315 seconds.
  path: Assets/Asset Packs/Pixel Cursors/Cursors/basic_01 YELLOW.png
  artifactKey: Guid(6fdfcd4167ed5e7488584241bb671bb2) Importer(815301076,1909f56bfc062723c751e8b465ee728b)
Start importing Assets/Asset Packs/Pixel Cursors/Cursors/basic_01 YELLOW.png using Guid(6fdfcd4167ed5e7488584241bb671bb2) Importer(815301076,1909f56bfc062723c751e8b465ee728b)  -> (artifact id: 'f8e0375d64b1f13d2564927a4065683c') in 0.021339 seconds
  Import took 0.024889 seconds .

========================================================================
Received Import Request.
  Time since last request: 0.000204 seconds.
  path: Assets/Asset Packs/Pixel Cursors/Cursors/Bonus_19.png
  artifactKey: Guid(d65d95ca16518034fa82669a92d0b6e7) Importer(815301076,1909f56bfc062723c751e8b465ee728b)
Start importing Assets/Asset Packs/Pixel Cursors/Cursors/Bonus_19.png using Guid(d65d95ca16518034fa82669a92d0b6e7) Importer(815301076,1909f56bfc062723c751e8b465ee728b)  -> (artifact id: 'c0ec9e922a7c1228f4d82a3d46ed8d89') in 0.020427 seconds
  Import took 0.023386 seconds .

========================================================================
Received Import Request.
  Time since last request: 0.000209 seconds.
  path: Assets/Asset Packs/Pixel Cursors/Cursors/Bonus_41.png
  artifactKey: Guid(f8c873f1e53e83f4aabf342d6be1dfc3) Importer(815301076,1909f56bfc062723c751e8b465ee728b)
Start importing Assets/Asset Packs/Pixel Cursors/Cursors/Bonus_41.png using Guid(f8c873f1e53e83f4aabf342d6be1dfc3) Importer(815301076,1909f56bfc062723c751e8b465ee728b)  -> (artifact id: 'b42c7c9b2855d350d834674fec9fe608') in 0.013010 seconds
  Import took 0.015654 seconds .

========================================================================
Received Import Request.
  Time since last request: 0.000223 seconds.
  path: Assets/Asset Packs/Pixel Cursors/Cursors/Bonus_10.png
  artifactKey: Guid(e9cbbd7f4b159c44ba7918ed31612df2) Importer(815301076,1909f56bfc062723c751e8b465ee728b)
Start importing Assets/Asset Packs/Pixel Cursors/Cursors/Bonus_10.png using Guid(e9cbbd7f4b159c44ba7918ed31612df2) Importer(815301076,1909f56bfc062723c751e8b465ee728b)  -> (artifact id: '6de89d177975a7505613236ff78f045e') in 0.019012 seconds
  Import took 0.021276 seconds .

========================================================================
Received Import Request.
  Time since last request: 0.000236 seconds.
  path: Assets/Asset Packs/Pixel Cursors/Cursors/Bonus_25.png
  artifactKey: Guid(13b47201502803547bf2c87d10639cb9) Importer(815301076,1909f56bfc062723c751e8b465ee728b)
Start importing Assets/Asset Packs/Pixel Cursors/Cursors/Bonus_25.png using Guid(13b47201502803547bf2c87d10639cb9) Importer(815301076,1909f56bfc062723c751e8b465ee728b)  -> (artifact id: '528aec9948899f8ed12a74e04147dc12') in 0.018975 seconds
  Import took 0.021258 seconds .

========================================================================
Received Import Request.
  Time since last request: 0.000332 seconds.
  path: Assets/Asset Packs/Pixel Cursors/Cursors/Bonus_43.png
  artifactKey: Guid(a75c68d8f8b30c24788e1ae1ea050ac4) Importer(815301076,1909f56bfc062723c751e8b465ee728b)
Start importing Assets/Asset Packs/Pixel Cursors/Cursors/Bonus_43.png using Guid(a75c68d8f8b30c24788e1ae1ea050ac4) Importer(815301076,1909f56bfc062723c751e8b465ee728b)  -> (artifact id: '9941c0d7575c32a7d0ccc7186a16b949') in 0.019158 seconds
  Import took 0.021665 seconds .

========================================================================
Received Import Request.
  Time since last request: 0.000279 seconds.
  path: Assets/Asset Packs/Pixel Cursors/Cursors/Bonus_30.png
  artifactKey: Guid(4766716444a965b449ef86e524455e71) Importer(815301076,1909f56bfc062723c751e8b465ee728b)
Start importing Assets/Asset Packs/Pixel Cursors/Cursors/Bonus_30.png using Guid(4766716444a965b449ef86e524455e71) Importer(815301076,1909f56bfc062723c751e8b465ee728b)  -> (artifact id: '0ed49ee66add5fa5c1f1b28ee781f9d0') in 0.018354 seconds
  Import took 0.021103 seconds .

========================================================================
Received Import Request.
  Time since last request: 0.000330 seconds.
  path: Assets/Asset Packs/Pixel Cursors/Cursors/Bonus_07.png
  artifactKey: Guid(bd3559211c3a4f64dbdff8af508d1995) Importer(815301076,1909f56bfc062723c751e8b465ee728b)
Start importing Assets/Asset Packs/Pixel Cursors/Cursors/Bonus_07.png using Guid(bd3559211c3a4f64dbdff8af508d1995) Importer(815301076,1909f56bfc062723c751e8b465ee728b)  -> (artifact id: '2200d1c6a5142961f688526346e04a94') in 0.018419 seconds
  Import took 0.020713 seconds .

========================================================================
Received Import Request.
  Time since last request: 0.000243 seconds.
  path: Assets/Asset Packs/Pixel Cursors/Cursors/Bonus_44.png
  artifactKey: Guid(21628736160fcc9488493401da3ef621) Importer(815301076,1909f56bfc062723c751e8b465ee728b)
Start importing Assets/Asset Packs/Pixel Cursors/Cursors/Bonus_44.png using Guid(21628736160fcc9488493401da3ef621) Importer(815301076,1909f56bfc062723c751e8b465ee728b)  -> (artifact id: 'aba014d714a9168d2af771fb505dd4ca') in 0.014102 seconds
  Import took 0.016464 seconds .

========================================================================
Received Import Request.
  Time since last request: 0.000234 seconds.
  path: Assets/Asset Packs/Pixel Cursors/Cursors/Bonus_14.png
  artifactKey: Guid(16eb76a57807650498cf0873147418fa) Importer(815301076,1909f56bfc062723c751e8b465ee728b)
Start importing Assets/Asset Packs/Pixel Cursors/Cursors/Bonus_14.png using Guid(16eb76a57807650498cf0873147418fa) Importer(815301076,1909f56bfc062723c751e8b465ee728b)  -> (artifact id: '55398f9057520245ee909068136c0639') in 0.020743 seconds
  Import took 0.023577 seconds .

========================================================================
Received Import Request.
  Time since last request: 0.000264 seconds.
  path: Assets/Asset Packs/Pixel Cursors/Cursors/basic_01 PURPLE.png
  artifactKey: Guid(b017dfab3916c1342b99c499d7ab500b) Importer(815301076,1909f56bfc062723c751e8b465ee728b)
Start importing Assets/Asset Packs/Pixel Cursors/Cursors/basic_01 PURPLE.png using Guid(b017dfab3916c1342b99c499d7ab500b) Importer(815301076,1909f56bfc062723c751e8b465ee728b)  -> (artifact id: '3b9ef1cf15486f88fe4868be38915b45') in 0.017569 seconds
  Import took 0.020141 seconds .

========================================================================
Received Import Request.
  Time since last request: 0.000265 seconds.
  path: Assets/Asset Packs/Pixel Cursors/Cursors/Bonus_17.png
  artifactKey: Guid(fee23eb8e5d9ba84ab01910b874b4b30) Importer(815301076,1909f56bfc062723c751e8b465ee728b)
Start importing Assets/Asset Packs/Pixel Cursors/Cursors/Bonus_17.png using Guid(fee23eb8e5d9ba84ab01910b874b4b30) Importer(815301076,1909f56bfc062723c751e8b465ee728b)  -> (artifact id: 'ae147ba1a1bc3fd950a6ebe7c4852c5c') in 0.015161 seconds
  Import took 0.017863 seconds .

========================================================================
Received Import Request.
  Time since last request: 0.000408 seconds.
  path: Assets/Asset Packs/Pixel Cursors/Cursors/Bonus_27.png
  artifactKey: Guid(f1139c6b43e054f46abe94de0f4aee15) Importer(815301076,1909f56bfc062723c751e8b465ee728b)
Start importing Assets/Asset Packs/Pixel Cursors/Cursors/Bonus_27.png using Guid(f1139c6b43e054f46abe94de0f4aee15) Importer(815301076,1909f56bfc062723c751e8b465ee728b)  -> (artifact id: '9bd2d055d4dcd5c63043ed1a241e5512') in 0.018984 seconds
  Import took 0.021562 seconds .

========================================================================
Received Import Request.
  Time since last request: 0.000221 seconds.
  path: Assets/Asset Packs/Pixel Cursors/Cursors/Bonus_45.png
  artifactKey: Guid(96d4bfdb0d6d8c042bf8fccf6524d239) Importer(815301076,1909f56bfc062723c751e8b465ee728b)
Start importing Assets/Asset Packs/Pixel Cursors/Cursors/Bonus_45.png using Guid(96d4bfdb0d6d8c042bf8fccf6524d239) Importer(815301076,1909f56bfc062723c751e8b465ee728b)  -> (artifact id: '1d2d05a0e892a25b652acd6200d68f4c') in 0.012620 seconds
  Import took 0.015741 seconds .

========================================================================
Received Import Request.
  Time since last request: 0.000293 seconds.
  path: Assets/Asset Packs/Pixel Cursors/Cursors/Bonus_47.png
  artifactKey: Guid(8859fce41c5d0a148ad0b7eebfca7fe9) Importer(815301076,1909f56bfc062723c751e8b465ee728b)
Start importing Assets/Asset Packs/Pixel Cursors/Cursors/Bonus_47.png using Guid(8859fce41c5d0a148ad0b7eebfca7fe9) Importer(815301076,1909f56bfc062723c751e8b465ee728b)  -> (artifact id: 'e92742f949f321156484079ccbb1ef17') in 0.013598 seconds
  Import took 0.016139 seconds .

========================================================================
Received Import Request.
  Time since last request: 0.000197 seconds.
  path: Assets/Asset Packs/Pixel Cursors/Cursors/Bonus_35.png
  artifactKey: Guid(9ee5febc9c797aa45a8619f4542d6eee) Importer(815301076,1909f56bfc062723c751e8b465ee728b)
Start importing Assets/Asset Packs/Pixel Cursors/Cursors/Bonus_35.png using Guid(9ee5febc9c797aa45a8619f4542d6eee) Importer(815301076,1909f56bfc062723c751e8b465ee728b)  -> (artifact id: '5ce726bd139cdf40ef5c5e67536c860f') in 0.013559 seconds
  Import took 0.015783 seconds .

========================================================================
Received Import Request.
  Time since last request: 0.000211 seconds.
  path: Assets/Asset Packs/Pixel Cursors/Cursors/basic_01.png
  artifactKey: Guid(2e71a8202d3b4a3448ec85ced5a40265) Importer(815301076,1909f56bfc062723c751e8b465ee728b)
Start importing Assets/Asset Packs/Pixel Cursors/Cursors/basic_01.png using Guid(2e71a8202d3b4a3448ec85ced5a40265) Importer(815301076,1909f56bfc062723c751e8b465ee728b)  -> (artifact id: 'ee9cd0b3484b3d8f555fcc4f15aee3dc') in 0.013345 seconds
  Import took 0.016009 seconds .

========================================================================
Received Import Request.
  Time since last request: 0.000241 seconds.
  path: Assets/Asset Packs/Pixel Cursors/Cursors/Bonus_16.png
  artifactKey: Guid(45d8aea3ad483cf4fb21e75f90f795d9) Importer(815301076,1909f56bfc062723c751e8b465ee728b)
Start importing Assets/Asset Packs/Pixel Cursors/Cursors/Bonus_16.png using Guid(45d8aea3ad483cf4fb21e75f90f795d9) Importer(815301076,1909f56bfc062723c751e8b465ee728b)  -> (artifact id: 'fd03ca46b05c5dd682faf733136e62b3') in 0.019959 seconds
  Import took 0.022522 seconds .

========================================================================
Received Import Request.
  Time since last request: 0.000260 seconds.
  path: Assets/Asset Packs/Pixel Cursors/Cursors/Bonus_08.png
  artifactKey: Guid(1051f212ef1e8ef4b9af98a1c1a76492) Importer(815301076,1909f56bfc062723c751e8b465ee728b)
Start importing Assets/Asset Packs/Pixel Cursors/Cursors/Bonus_08.png using Guid(1051f212ef1e8ef4b9af98a1c1a76492) Importer(815301076,1909f56bfc062723c751e8b465ee728b)  -> (artifact id: '1bab6ec58d09b6cbcf8d2888c7dc0631') in 0.020693 seconds
  Import took 0.024102 seconds .

========================================================================
Received Import Request.
  Time since last request: 0.000314 seconds.
  path: Assets/Asset Packs/Pixel Cursors/Cursors/Bonus_33.png
  artifactKey: Guid(2d275651a7c7744468bd20d1d6924a2a) Importer(815301076,1909f56bfc062723c751e8b465ee728b)
Start importing Assets/Asset Packs/Pixel Cursors/Cursors/Bonus_33.png using Guid(2d275651a7c7744468bd20d1d6924a2a) Importer(815301076,1909f56bfc062723c751e8b465ee728b)  -> (artifact id: '19425d09033004d4a4e1b5ce3cca490e') in 0.018216 seconds
  Import took 0.020771 seconds .

========================================================================
Received Import Request.
  Time since last request: 0.000269 seconds.
  path: Assets/Asset Packs/Pixel Cursors/Cursors/Bonus_24.png
  artifactKey: Guid(4c1d62d9215a73a4b933db561be30e7b) Importer(815301076,1909f56bfc062723c751e8b465ee728b)
Start importing Assets/Asset Packs/Pixel Cursors/Cursors/Bonus_24.png using Guid(4c1d62d9215a73a4b933db561be30e7b) Importer(815301076,1909f56bfc062723c751e8b465ee728b)  -> (artifact id: '6bc89d9ca18e518a577717d60e997445') in 0.017819 seconds
  Import took 0.020154 seconds .

========================================================================
Received Import Request.
  Time since last request: 0.000228 seconds.
  path: Assets/Asset Packs/Pixel Cursors/Cursors/Bonus_32.png
  artifactKey: Guid(2b561569485d156429a42f8b103c2037) Importer(815301076,1909f56bfc062723c751e8b465ee728b)
Start importing Assets/Asset Packs/Pixel Cursors/Cursors/Bonus_32.png using Guid(2b561569485d156429a42f8b103c2037) Importer(815301076,1909f56bfc062723c751e8b465ee728b)  -> (artifact id: '90681c1ced4f6d2ac01ed74a08e45476') in 0.022018 seconds
  Import took 0.024700 seconds .

========================================================================
Received Import Request.
  Time since last request: 0.000211 seconds.
  path: Assets/Asset Packs/Pixel Cursors/Cursors/Bonus_49.png
  artifactKey: Guid(cecad95c851b97f40b105b30b0bfede3) Importer(815301076,1909f56bfc062723c751e8b465ee728b)
Start importing Assets/Asset Packs/Pixel Cursors/Cursors/Bonus_49.png using Guid(cecad95c851b97f40b105b30b0bfede3) Importer(815301076,1909f56bfc062723c751e8b465ee728b)  -> (artifact id: '3b5bfa5bba001d80e2957287b2eb2af0') in 0.021924 seconds
  Import took 0.024651 seconds .

========================================================================
Received Import Request.
  Time since last request: 0.000357 seconds.
  path: Assets/Asset Packs/Pixel Cursors/Cursors/Bonus_20.png
  artifactKey: Guid(89f40d0702ab04b4eaa85fc24b20959b) Importer(815301076,1909f56bfc062723c751e8b465ee728b)
Start importing Assets/Asset Packs/Pixel Cursors/Cursors/Bonus_20.png using Guid(89f40d0702ab04b4eaa85fc24b20959b) Importer(815301076,1909f56bfc062723c751e8b465ee728b)  -> (artifact id: '89d71a2a3657b7a8eb397a96899d7ccf') in 0.018108 seconds
  Import took 0.021108 seconds .

========================================================================
Received Import Request.
  Time since last request: 0.000275 seconds.
  path: Assets/Asset Packs/Pixel Cursors/Cursors/Bonus_36.png
  artifactKey: Guid(a895910e9f6e6844b889cbe885aadd44) Importer(815301076,1909f56bfc062723c751e8b465ee728b)
Start importing Assets/Asset Packs/Pixel Cursors/Cursors/Bonus_36.png using Guid(a895910e9f6e6844b889cbe885aadd44) Importer(815301076,1909f56bfc062723c751e8b465ee728b)  -> (artifact id: 'c79c5d502c1e10ec5e7588416cf3de5d') in 0.019561 seconds
  Import took 0.022050 seconds .

========================================================================
Received Import Request.
  Time since last request: 0.000300 seconds.
  path: Assets/Asset Packs/Pixel Cursors/Cursors/Bonus_05.png
  artifactKey: Guid(3451779baa5804d40bf1e952eb56a81a) Importer(815301076,1909f56bfc062723c751e8b465ee728b)
Start importing Assets/Asset Packs/Pixel Cursors/Cursors/Bonus_05.png using Guid(3451779baa5804d40bf1e952eb56a81a) Importer(815301076,1909f56bfc062723c751e8b465ee728b)  -> (artifact id: '88653feb7f17bf3e6161ff0f9bb117ec') in 0.021200 seconds
  Import took 0.023529 seconds .

========================================================================
Received Import Request.
  Time since last request: 0.000262 seconds.
  path: Assets/Asset Packs/Pixel Cursors/Cursors/Bonus_11.png
  artifactKey: Guid(1404db4e34954e44aae5a8befd19ce76) Importer(815301076,1909f56bfc062723c751e8b465ee728b)
Start importing Assets/Asset Packs/Pixel Cursors/Cursors/Bonus_11.png using Guid(1404db4e34954e44aae5a8befd19ce76) Importer(815301076,1909f56bfc062723c751e8b465ee728b)  -> (artifact id: '0bf84ad79c66105c59b4cdf610ee49e3') in 0.018727 seconds
  Import took 0.021150 seconds .

========================================================================
Received Import Request.
  Time since last request: 0.000256 seconds.
  path: Assets/Asset Packs/Pixel Cursors/Cursors/Bonus_18.png
  artifactKey: Guid(ce721f19cdaf0c94aa847c79afb72708) Importer(815301076,1909f56bfc062723c751e8b465ee728b)
Start importing Assets/Asset Packs/Pixel Cursors/Cursors/Bonus_18.png using Guid(ce721f19cdaf0c94aa847c79afb72708) Importer(815301076,1909f56bfc062723c751e8b465ee728b)  -> (artifact id: '93d2e82a54f2f1bc3a3ccda845e763b3') in 0.018718 seconds
  Import took 0.021405 seconds .

========================================================================
Received Import Request.
  Time since last request: 0.000219 seconds.
  path: Assets/Asset Packs/Pixel Cursors/Cursors/Bonus_48.png
  artifactKey: Guid(1e1ecf843f705b34ab304dff88b037c1) Importer(815301076,1909f56bfc062723c751e8b465ee728b)
Start importing Assets/Asset Packs/Pixel Cursors/Cursors/Bonus_48.png using Guid(1e1ecf843f705b34ab304dff88b037c1) Importer(815301076,1909f56bfc062723c751e8b465ee728b)  -> (artifact id: 'f2bff3a42662543c4396e02f1d0dbee0') in 0.020764 seconds
  Import took 0.023206 seconds .

========================================================================
Received Import Request.
  Time since last request: 0.000183 seconds.
  path: Assets/Asset Packs/Pixel Cursors/Cursors/Bonus_40.png
  artifactKey: Guid(71c06df75eee7124f8ab8e39ce242adc) Importer(815301076,1909f56bfc062723c751e8b465ee728b)
Start importing Assets/Asset Packs/Pixel Cursors/Cursors/Bonus_40.png using Guid(71c06df75eee7124f8ab8e39ce242adc) Importer(815301076,1909f56bfc062723c751e8b465ee728b)  -> (artifact id: 'fa92e8e49bfbc29be2a7414d8e6991b4') in 0.013244 seconds
  Import took 0.015670 seconds .

========================================================================
Received Import Request.
  Time since last request: 0.000157 seconds.
  path: Assets/Asset Packs/Pixel Cursors/Cursors/basic_01 GREEN.png
  artifactKey: Guid(8ea795c067613354898068091ffc7130) Importer(815301076,1909f56bfc062723c751e8b465ee728b)
Start importing Assets/Asset Packs/Pixel Cursors/Cursors/basic_01 GREEN.png using Guid(8ea795c067613354898068091ffc7130) Importer(815301076,1909f56bfc062723c751e8b465ee728b)  -> (artifact id: '933de9d80de2f450b6a4f03d60509d92') in 0.019527 seconds
  Import took 0.021665 seconds .

========================================================================
Received Import Request.
  Time since last request: 0.000224 seconds.
  path: Assets/Asset Packs/Pixel Cursors/Cursors/Bonus_28.png
  artifactKey: Guid(a2e17fe4fd24da348aa43901f817958f) Importer(815301076,1909f56bfc062723c751e8b465ee728b)
Start importing Assets/Asset Packs/Pixel Cursors/Cursors/Bonus_28.png using Guid(a2e17fe4fd24da348aa43901f817958f) Importer(815301076,1909f56bfc062723c751e8b465ee728b)  -> (artifact id: 'e1df87fb7899642f6b3041b83c7648f8') in 0.018978 seconds
  Import took 0.021095 seconds .

========================================================================
Received Import Request.
  Time since last request: 0.000217 seconds.
  path: Assets/Asset Packs/Pixel Cursors/Cursors/Bonus_37.png
  artifactKey: Guid(68ac2028e997ffa488c976b2736e2da1) Importer(815301076,1909f56bfc062723c751e8b465ee728b)
Start importing Assets/Asset Packs/Pixel Cursors/Cursors/Bonus_37.png using Guid(68ac2028e997ffa488c976b2736e2da1) Importer(815301076,1909f56bfc062723c751e8b465ee728b)  -> (artifact id: '993ae65bb5438069cabb7ec3a8f1f99e') in 0.019389 seconds
  Import took 0.021346 seconds .

========================================================================
Received Import Request.
  Time since last request: 0.000233 seconds.
  path: Assets/Asset Packs/Pixel Cursors/Cursors/Bonus_01.png
  artifactKey: Guid(b23a0084fea403945a302e12cc707439) Importer(815301076,1909f56bfc062723c751e8b465ee728b)
Start importing Assets/Asset Packs/Pixel Cursors/Cursors/Bonus_01.png using Guid(b23a0084fea403945a302e12cc707439) Importer(815301076,1909f56bfc062723c751e8b465ee728b)  -> (artifact id: 'c0aa911943d56077bd40ecef4580b183') in 0.018976 seconds
  Import took 0.021039 seconds .

========================================================================
Received Import Request.
  Time since last request: 0.000227 seconds.
  path: Assets/Asset Packs/Pixel Cursors/Cursors/Bonus_03.png
  artifactKey: Guid(f2e59480af813ad42af2eba175095158) Importer(815301076,1909f56bfc062723c751e8b465ee728b)
Start importing Assets/Asset Packs/Pixel Cursors/Cursors/Bonus_03.png using Guid(f2e59480af813ad42af2eba175095158) Importer(815301076,1909f56bfc062723c751e8b465ee728b)  -> (artifact id: 'e006a2389bc0c6509da83dfe58f7fc8c') in 0.018175 seconds
  Import took 0.020492 seconds .

========================================================================
Received Import Request.
  Time since last request: 0.000256 seconds.
  path: Assets/Asset Packs/Pixel Cursors/Cursors/Bonus_09.png
  artifactKey: Guid(aabf699d32f0ce349920801e3ef898f0) Importer(815301076,1909f56bfc062723c751e8b465ee728b)
Start importing Assets/Asset Packs/Pixel Cursors/Cursors/Bonus_09.png using Guid(aabf699d32f0ce349920801e3ef898f0) Importer(815301076,1909f56bfc062723c751e8b465ee728b)  -> (artifact id: '4b827033a2ed626b3f3ddc38ddc8865a') in 0.019246 seconds
  Import took 0.021975 seconds .

========================================================================
Received Import Request.
  Time since last request: 0.000303 seconds.
  path: Assets/Asset Packs/Pixel Cursors/Cursors/Bonus_02.png
  artifactKey: Guid(0230513a91d07d949958e664ab2a6cb8) Importer(815301076,1909f56bfc062723c751e8b465ee728b)
Start importing Assets/Asset Packs/Pixel Cursors/Cursors/Bonus_02.png using Guid(0230513a91d07d949958e664ab2a6cb8) Importer(815301076,1909f56bfc062723c751e8b465ee728b)  -> (artifact id: 'd5b364b51ecbb3c9cc41e773acbd31c0') in 0.019701 seconds
  Import took 0.022385 seconds .

========================================================================
Received Prepare
Registering precompiled user dll's ...
Registered in 0.001436 seconds.
Begin MonoManager ReloadAssembly
Symbol file LoadedFromMemory doesn't match image D:\Documents\Courses\RPG\RPG Redux\RPG Project\Library\PackageCache\com.unity.ext.nunit@1.0.0\net35\unity-custom\nunit.framework.dll
Native extension for WindowsStandalone target not found
Native extension for WebGL target not found
Refreshing native plugins compatible for Editor in 0.43 ms, found 0 plugins.
Preloading 0 native plugins for Editor in 0.00 ms.
Invoked RoslynAnalysisRunner static constructor.
RoslynAnalysisRunner will not be running.
RoslynAnalysisRunner has terminated.
Mono: successfully reloaded assembly
- Completed reload, in  0.705 seconds
Platform modules already initialized, skipping
Refreshing native plugins compatible for Editor in 0.42 ms, found 0 plugins.
Preloading 0 native plugins for Editor in 0.00 ms.
Unloading 1609 Unused Serialized files (Serialized files now loaded: 0)
System memory in use before: 103.1 MB.
System memory in use after: 103.2 MB.

Unloading 25 unused Assets to reduce memory usage. Loaded Objects now: 2113.
Total: 2.061700 ms (FindLiveObjects: 0.261900 ms CreateObjectMapping: 0.101000 ms MarkObjects: 1.681400 ms  DeleteObjects: 0.016600 ms)

========================================================================
Received Prepare
Registering precompiled user dll's ...
Registered in 0.001489 seconds.
Begin MonoManager ReloadAssembly
Symbol file LoadedFromMemory doesn't match image D:\Documents\Courses\RPG\RPG Redux\RPG Project\Library\PackageCache\com.unity.ext.nunit@1.0.0\net35\unity-custom\nunit.framework.dll
Native extension for WindowsStandalone target not found
Native extension for WebGL target not found
Refreshing native plugins compatible for Editor in 0.47 ms, found 0 plugins.
Preloading 0 native plugins for Editor in 0.00 ms.
Invoked RoslynAnalysisRunner static constructor.
RoslynAnalysisRunner will not be running.
RoslynAnalysisRunner has terminated.
Mono: successfully reloaded assembly
- Completed reload, in  0.840 seconds
Platform modules already initialized, skipping
Refreshing native plugins compatible for Editor in 0.53 ms, found 0 plugins.
Preloading 0 native plugins for Editor in 0.00 ms.
Unloading 1609 Unused Serialized files (Serialized files now loaded: 0)
System memory in use before: 103.1 MB.
System memory in use after: 103.2 MB.

Unloading 25 unused Assets to reduce memory usage. Loaded Objects now: 2115.
Total: 1.996500 ms (FindLiveObjects: 0.304700 ms CreateObjectMapping: 0.085800 ms MarkObjects: 1.586700 ms  DeleteObjects: 0.017100 ms)

